c:\users\bryson.au\documents\visual studio 2015\projects\openglthing\debug\vc140.pdb
c:\users\bryson.au\documents\visual studio 2015\projects\openglthing\debug\vc140.idb
c:\users\bryson.au\documents\visual studio 2015\projects\openglthing\debug\camera.obj
c:\users\bryson.au\documents\visual studio 2015\projects\openglthing\debug\gizmos.obj
c:\users\bryson.au\documents\visual studio 2015\projects\openglthing\debug\source.obj
c:\users\bryson.au\documents\visual studio 2015\projects\openglthing\debug\gl_core_4_4.obj
c:\users\bryson.au\documents\visual studio 2015\projects\openglthing\debug\vertex.obj
c:\users\bryson.au\documents\visual studio 2015\projects\openglthing\debug\tiny_obj_loader.obj
c:\users\bryson.au\documents\visual studio 2015\projects\openglthing\debug\application.obj
c:\users\bryson.au\documents\visual studio 2015\projects\openglthing\debug\texture.obj
c:\users\bryson.au\documents\visual studio 2015\projects\openglthing\debug\openglthing.pdb
c:\users\bryson.au\documents\visual studio 2015\projects\openglthing\debug\openglthing.tlog\cl.command.1.tlog
c:\users\bryson.au\documents\visual studio 2015\projects\openglthing\debug\openglthing.tlog\cl.read.1.tlog
c:\users\bryson.au\documents\visual studio 2015\projects\openglthing\debug\openglthing.tlog\cl.write.1.tlog
c:\users\bryson.au\documents\visual studio 2015\projects\openglthing\debug\openglthing.tlog\link-cvtres.read.1.tlog
c:\users\bryson.au\documents\visual studio 2015\projects\openglthing\debug\openglthing.tlog\link-cvtres.write.1.tlog
c:\users\bryson.au\documents\visual studio 2015\projects\openglthing\debug\openglthing.tlog\link-rc.read.1.tlog
c:\users\bryson.au\documents\visual studio 2015\projects\openglthing\debug\openglthing.tlog\link-rc.write.1.tlog
c:\users\bryson.au\documents\visual studio 2015\projects\openglthing\debug\openglthing.tlog\link.6528.read.1.tlog
c:\users\bryson.au\documents\visual studio 2015\projects\openglthing\debug\openglthing.tlog\link.6528.write.1.tlog
c:\users\bryson.au\documents\visual studio 2015\projects\openglthing\debug\openglthing.tlog\link.command.1.tlog
c:\users\bryson.au\documents\visual studio 2015\projects\openglthing\debug\openglthing.tlog\link.read.1.tlog
c:\users\bryson.au\documents\visual studio 2015\projects\openglthing\debug\openglthing.tlog\link.write.1.tlog
